<?xml version="1.0" encoding="UTF-8"?>
<testsuite xmlns:xsi="http://www.w3.org/2001/XMLSchema-instance" xsi:noNamespaceSchemaLocation="https://maven.apache.org/surefire/maven-surefire-plugin/xsd/surefire-test-report-3.0.xsd" version="3.0" name="QuadraticCombinatorialTest" time="0.095" tests="19" errors="0" skipped="0" failures="0">
  <properties>
[...]
</properties>
  <testcase name="testQuadraticConstructor" classname="QuadraticCombinatorialTest" time="0.008"/>
  <testcase name="testExtremeValues" classname="QuadraticCombinatorialTest" time="0.0"/>
  <testcase name="testValidateInputWithNonNumeric" classname="QuadraticCombinatorialTest" time="0.001"/>
  <testcase name="testValidateInputWithEmptyString" classname="QuadraticCombinatorialTest" time="0.0"/>
  <testcase name="testMainMethodWithRetry" classname="QuadraticCombinatorialTest" time="0.004"/>
  <testcase name="testMainMethodWithZeroA" classname="QuadraticCombinatorialTest" time="0.001"/>
  <testcase name="testValidateInputInvalid" classname="QuadraticCombinatorialTest" time="0.0"/>
  <testcase name="runAllTestCases" classname="QuadraticCombinatorialTest" time="0.002"/>
  <testcase name="testValidateInputExtremeValues" classname="QuadraticCombinatorialTest" time="0.001"/>
  <testcase name="testRealRoots" classname="QuadraticCombinatorialTest" time="0.0"/>
  <testcase name="testValidateInputWithLargeNumber" classname="QuadraticCombinatorialTest" time="0.0"/>
  <testcase name="testValidateInputWithExtremeScientificNotation" classname="QuadraticCombinatorialTest" time="0.0"/>
  <testcase name="testZeroCases" classname="QuadraticCombinatorialTest" time="0.0"/>
  <testcase name="testMainMethodOutputFormat" classname="QuadraticCombinatorialTest" time="0.001"/>
  <testcase name="testSqrtPrecision" classname="QuadraticCombinatorialTest" time="0.0"/>
  <testcase name="testSignBehavior" classname="QuadraticCombinatorialTest" time="0.001"/>
  <testcase name="testComplexRoots" classname="QuadraticCombinatorialTest" time="0.0"/>
  <testcase name="testValidateInput" classname="QuadraticCombinatorialTest" time="0.001"/>
  <testcase name="testValidateInputWithIntegerInput" classname="QuadraticCombinatorialTest" time="0.0"/>
</testsuite>